<?xml version="1.0" encoding="UTF-8"?>
<!-- Generated by org.testng.reporters.JUnitReportReporter -->
<testsuite hostname="IvyGuo1002" failures="0" tests="1" name="udemy_test.TestHooks" time="0.017" errors="0" timestamp="01 Jun 2020 09:40:46 GMT" skipped="0">
  <testcase classname="udemy_test.TestHooks" name="OpeningBrowser" time="0.017"/>
</testsuite> <!-- udemy_test.TestHooks -->
